{
  "stats": {
    "suites": 23,
    "tests": 56,
    "passes": 56,
    "pending": 0,
    "failures": 0,
    "start": "2022-01-19T12:13:40.801Z",
    "end": "2022-01-19T12:16:31.659Z",
    "duration": 74342,
    "testsRegistered": 56,
    "passPercent": 100,
    "pendingPercent": 0,
    "other": 0,
    "hasOther": false,
    "skipped": 0,
    "hasSkipped": false
  },
  "results": [
    {
      "uuid": "bfdf0845-4b69-4dbc-b082-bbed12ed1be6",
      "title": "",
      "fullFile": "cypress/integration/automation-test-store/add-multiple-items-to-basket-copy.js",
      "file": "cypress/integration/automation-test-store/add-multiple-items-to-basket-copy.js",
      "beforeHooks": [],
      "afterHooks": [],
      "tests": [],
      "suites": [
        {
          "uuid": "b0a60f71-5a5e-4ee6-9f4e-4a348f16fde0",
          "title": "Add multiple items to basket",
          "fullFile": "",
          "file": "",
          "beforeHooks": [],
          "afterHooks": [],
          "tests": [
            {
              "title": "Add specific items to basket",
              "fullTitle": "Add multiple items to basket Add specific items to basket",
              "timedOut": null,
              "duration": 3330,
              "state": "passed",
              "speed": "fast",
              "pass": true,
              "fail": false,
              "pending": false,
              "context": null,
              "code": "autoStore_HairCare.addCareProductsToBasket();",
              "err": {},
              "uuid": "36859ba4-9933-4cd6-bdd0-396c6e84cb0b",
              "parentUUID": "b0a60f71-5a5e-4ee6-9f4e-4a348f16fde0",
              "isHook": false,
              "skipped": false
            }
          ],
          "suites": [],
          "passes": [
            "36859ba4-9933-4cd6-bdd0-396c6e84cb0b"
          ],
          "failures": [],
          "pending": [],
          "skipped": [],
          "duration": 3330,
          "root": false,
          "rootEmpty": false,
          "_timeout": 2000
        }
      ],
      "passes": [],
      "failures": [],
      "pending": [],
      "skipped": [],
      "duration": 0,
      "root": true,
      "rootEmpty": true,
      "_timeout": 2000
    },
    {
      "uuid": "f7b38257-2c92-49ec-88c8-8ac698f890ea",
      "title": "",
      "fullFile": "cypress/integration/automation-test-store/add-multiple-items-to-basket.js",
      "file": "cypress/integration/automation-test-store/add-multiple-items-to-basket.js",
      "beforeHooks": [],
      "afterHooks": [],
      "tests": [],
      "suites": [
        {
          "uuid": "d72e8a35-a64f-4b0b-bd91-2dea0a21e6a7",
          "title": "Add multiple items to basket",
          "fullFile": "",
          "file": "",
          "beforeHooks": [],
          "afterHooks": [],
          "tests": [
            {
              "title": "Add specific items to basket",
              "fullTitle": "Add multiple items to basket Add specific items to basket",
              "timedOut": null,
              "duration": 3598,
              "state": "passed",
              "speed": "fast",
              "pass": true,
              "fail": false,
              "pending": false,
              "context": null,
              "code": "globalThis.data.productName.forEach(function (element) {\n  cy.addProductToBasket(element);\n});",
              "err": {},
              "uuid": "c2088b74-a107-44cb-bf29-115880192048",
              "parentUUID": "d72e8a35-a64f-4b0b-bd91-2dea0a21e6a7",
              "isHook": false,
              "skipped": false
            }
          ],
          "suites": [],
          "passes": [
            "c2088b74-a107-44cb-bf29-115880192048"
          ],
          "failures": [],
          "pending": [],
          "skipped": [],
          "duration": 3598,
          "root": false,
          "rootEmpty": false,
          "_timeout": 2000
        }
      ],
      "passes": [],
      "failures": [],
      "pending": [],
      "skipped": [],
      "duration": 0,
      "root": true,
      "rootEmpty": true,
      "_timeout": 2000
    },
    {
      "uuid": "de7d1fcb-76e2-4037-8f7b-b78f356a8333",
      "title": "",
      "fullFile": "cypress/integration/automation-test-store/alias-invoke.js",
      "file": "cypress/integration/automation-test-store/alias-invoke.js",
      "beforeHooks": [],
      "afterHooks": [],
      "tests": [],
      "suites": [
        {
          "uuid": "bc1048ae-95bb-47b1-9fc8-32e27e7ce031",
          "title": "Alias and invoke",
          "fullFile": "",
          "file": "",
          "beforeHooks": [],
          "afterHooks": [],
          "tests": [
            {
              "title": "Calculate the total of normal and sale products",
              "fullTitle": "Alias and invoke Calculate the total of normal and sale products",
              "timedOut": null,
              "duration": 1431,
              "state": "passed",
              "speed": "fast",
              "pass": true,
              "fail": false,
              "pending": false,
              "context": null,
              "code": "cy.visit(\"https://www.automationteststore.com/\");\ncy.get(\".thumbnail\").as(\"productThumbnail\"); // cy.get('@productThumbnail').find('.oneprice').each(($el, index, $list) => {\n//     if ($el.text().includes('')) {\n//         cy.log($el.text())\n//     }\n// })\nvar itemsTotal = 0; // Combining 'find' + 'invoke' and 'as'\n// Non-Sale items\ncy.get(\".thumbnail\").find(\".oneprice\").invoke('text').as('itemPrice'); // Sale Items\ncy.get(\".thumbnail\").find(\".pricenew\").invoke(\"text\").as(\"newPrice\");\ncy.get('@itemPrice').then($linkText => {\n  // Use 'split' to remove $ from the itemPrice\n  var itemPriceTotal = 0;\n  var itemPrice = $linkText.split('$');\n  var i;\n  for (i = 0; i < itemPrice.length; i++) {\n    // output the prices without $ sign\n    cy.log(itemPrice[i]);\n    itemPriceTotal += Number(itemPrice[i]);\n  }\n  itemsTotal += itemPriceTotal;\n  ;\n  cy.log(\"Non Sale price items total = \" + itemPriceTotal);\n});\ncy.get(\"@newPrice\").then($linkText => {\n  // Use 'split' to remove $ from the itemPrice\n  var newPriceTotal = 0;\n  var newPrice = $linkText.split(\"$\");\n  var i;\n  for (i = 0; i < newPrice.length; i++) {\n    // output the prices without $ sign\n    cy.log(newPrice[i]);\n    newPriceTotal += Number(newPrice[i]);\n  }\n  itemsTotal += newPriceTotal;\n  cy.log(\"Sale items price total = \" + newPriceTotal);\n}).then(() => {\n  cy.log(\"The total of all products = \" + itemsTotal);\n  expect(itemsTotal).to.equal(648.5);\n});",
              "err": {},
              "uuid": "2b9027cf-f817-4c43-961d-a61459634b3e",
              "parentUUID": "bc1048ae-95bb-47b1-9fc8-32e27e7ce031",
              "isHook": false,
              "skipped": false
            }
          ],
          "suites": [],
          "passes": [
            "2b9027cf-f817-4c43-961d-a61459634b3e"
          ],
          "failures": [],
          "pending": [],
          "skipped": [],
          "duration": 1431,
          "root": false,
          "rootEmpty": false,
          "_timeout": 2000
        }
      ],
      "passes": [],
      "failures": [],
      "pending": [],
      "skipped": [],
      "duration": 0,
      "root": true,
      "rootEmpty": true,
      "_timeout": 2000
    },
    {
      "uuid": "c3e76eab-57f2-443c-b581-f7e49e62980f",
      "title": "",
      "fullFile": "cypress/integration/automation-test-store/contact-us.js",
      "file": "cypress/integration/automation-test-store/contact-us.js",
      "beforeHooks": [],
      "afterHooks": [],
      "tests": [],
      "suites": [
        {
          "uuid": "d0daf311-79ef-4b63-94fa-8429ad93af6e",
          "title": "Test Contact us form via Automation Test Store",
          "fullFile": "",
          "file": "",
          "beforeHooks": [],
          "afterHooks": [],
          "tests": [
            {
              "title": "Should be able to submit a successful submission via contact us form",
              "fullTitle": "Test Contact us form via Automation Test Store Should be able to submit a successful submission via contact us form",
              "timedOut": null,
              "duration": 4647,
              "state": "passed",
              "speed": "fast",
              "pass": true,
              "fail": false,
              "pending": false,
              "context": null,
              "code": "cy.visit(\"https://www.automationteststore.com/\"); // Css selectors symbols  $ = ends with, ^ = Starts with\ncy.get('a[href$=\"contact\"]').click().then(function (LinkText) {\n  cy.log(\"Clicked on the following link using text : \" + LinkText.text());\n});\ncy.get(\"@user\").then(user => {\n  //  cy.get('.info_links_footer > :nth-child(5) > a').click()\n  cy.get('[name=\"first_name\"]').type(user.first_name + ' ' + user.last_name);\n  cy.get(\"#ContactUsFrm_email\").type(user.email);\n  cy.get(\"#ContactUsFrm_email\").should(\"have.attr\", \"name\", \"email\");\n  cy.get(\"#ContactUsFrm_enquiry\").type(\"***** Hello World *****\");\n  cy.get('button[title=\"Submit\"]').click();\n  cy.get(\".mb40 > :nth-child(3)\").should(\"have.text\", \"Your enquiry has been successfully sent to the store owner!\");\n  cy.log(\"Test has completed\");\n});",
              "err": {},
              "uuid": "477e5201-1c62-4620-b114-8bab0822162e",
              "parentUUID": "d0daf311-79ef-4b63-94fa-8429ad93af6e",
              "isHook": false,
              "skipped": false
            },
            {
              "title": "Validate properties of the Contact us page",
              "fullTitle": "Test Contact us form via Automation Test Store Validate properties of the Contact us page",
              "timedOut": null,
              "duration": 388,
              "state": "passed",
              "speed": "fast",
              "pass": true,
              "fail": false,
              "pending": false,
              "context": null,
              "code": "cy.visit(\"https://automationteststore.com/index.php?rt=content/contact\"); // Uses Cypress commands and chaining\ncy.contains('#ContactUsFrm', 'Contact Us Form').find('#field_11').should('contain', 'First name:'); // JQuery Approach\ncy.contains('#ContactUsFrm', 'Contact Us Form').then(text => {\n  const firstNameText = text.find('#field_11').text();\n  expect(firstNameText).to.contain('First name:'); //Embedded commands (Closure)\n  cy.get('#field_11').then(fnText => {\n    cy.log(fnText.text());\n    cy.log(fnText);\n  });\n});",
              "err": {},
              "uuid": "b80974c8-51ab-4967-b5e4-4e1532605a60",
              "parentUUID": "d0daf311-79ef-4b63-94fa-8429ad93af6e",
              "isHook": false,
              "skipped": false
            }
          ],
          "suites": [],
          "passes": [
            "477e5201-1c62-4620-b114-8bab0822162e",
            "b80974c8-51ab-4967-b5e4-4e1532605a60"
          ],
          "failures": [],
          "pending": [],
          "skipped": [],
          "duration": 5035,
          "root": false,
          "rootEmpty": false,
          "_timeout": 2000
        }
      ],
      "passes": [],
      "failures": [],
      "pending": [],
      "skipped": [],
      "duration": 0,
      "root": true,
      "rootEmpty": true,
      "_timeout": 2000
    },
    {
      "uuid": "9939df21-2179-4d46-a011-d066cdb2a6e3",
      "title": "",
      "fullFile": "cypress/integration/automation-test-store/inspect-item.js",
      "file": "cypress/integration/automation-test-store/inspect-item.js",
      "beforeHooks": [],
      "afterHooks": [],
      "tests": [],
      "suites": [
        {
          "uuid": "b9225481-15c5-4564-b264-975fd6e7ff0f",
          "title": "Inspect Automation Test Store items using chain of commands",
          "fullFile": "",
          "file": "",
          "beforeHooks": [],
          "afterHooks": [],
          "tests": [
            {
              "title": "Click on the first item using item text",
              "fullTitle": "Inspect Automation Test Store items using chain of commands Click on the first item using item text",
              "timedOut": null,
              "duration": 2183,
              "state": "passed",
              "speed": "fast",
              "pass": true,
              "fail": false,
              "pending": false,
              "context": null,
              "code": "cy.visit(\"https://www.automationteststore.com/\");\ncy.get(\".prdocutname\").contains('Skinsheen Bronzer Stick').click().then(function (itemHeaderText) {\n  console.log(\"Selected the following item: \" + itemHeaderText.text());\n});",
              "err": {},
              "uuid": "1381b9fb-fccb-4daf-a86f-1528b2bf3e0b",
              "parentUUID": "b9225481-15c5-4564-b264-975fd6e7ff0f",
              "isHook": false,
              "skipped": false
            }
          ],
          "suites": [],
          "passes": [
            "1381b9fb-fccb-4daf-a86f-1528b2bf3e0b"
          ],
          "failures": [],
          "pending": [],
          "skipped": [],
          "duration": 2183,
          "root": false,
          "rootEmpty": false,
          "_timeout": 2000
        }
      ],
      "passes": [],
      "failures": [],
      "pending": [],
      "skipped": [],
      "duration": 0,
      "root": true,
      "rootEmpty": true,
      "_timeout": 2000
    },
    {
      "uuid": "339c88d6-9883-42a6-802f-7d834910ecf3",
      "title": "",
      "fullFile": "cypress/integration/automation-test-store/iterateOverElements.js",
      "file": "cypress/integration/automation-test-store/iterateOverElements.js",
      "beforeHooks": [],
      "afterHooks": [],
      "tests": [],
      "suites": [
        {
          "uuid": "954ad16f-7c20-4f15-8a65-7e922bb3b25b",
          "title": "Iterate over elements",
          "fullFile": "",
          "file": "",
          "beforeHooks": [],
          "afterHooks": [],
          "tests": [
            {
              "title": "Log information of all Hair care products",
              "fullTitle": "Iterate over elements Log information of all Hair care products",
              "timedOut": null,
              "duration": 2139,
              "state": "passed",
              "speed": "fast",
              "pass": true,
              "fail": false,
              "pending": false,
              "context": null,
              "code": "cy.get(\".fixed_wrapper .prdocutname\").each(($el, index, $list) => {\n  cy.log(\"index - \" + index + \" : \" + $el.text());\n});",
              "err": {},
              "uuid": "84fb964f-23f7-4266-8c53-76fe7e05b944",
              "parentUUID": "954ad16f-7c20-4f15-8a65-7e922bb3b25b",
              "isHook": false,
              "skipped": false
            },
            {
              "title": "Add specific product to basket",
              "fullTitle": "Iterate over elements Add specific product to basket",
              "timedOut": null,
              "duration": 2764,
              "state": "passed",
              "speed": "fast",
              "pass": true,
              "fail": false,
              "pending": false,
              "context": null,
              "code": "cy.get(\".fixed_wrapper .prdocutname\").each(($el, index, $list) => {\n  if ($el.text().includes(\"Curls to straight Shampoo\")) {\n    cy.wrap($el).click();\n  }\n}); // cy.selectProduct(\"Curls to straight Shampoo\");",
              "err": {},
              "uuid": "026583f1-a60e-469a-8870-edec7d407535",
              "parentUUID": "954ad16f-7c20-4f15-8a65-7e922bb3b25b",
              "isHook": false,
              "skipped": false
            },
            {
              "title": "Add another specific product to basket",
              "fullTitle": "Iterate over elements Add another specific product to basket",
              "timedOut": null,
              "duration": 2601,
              "state": "passed",
              "speed": "fast",
              "pass": true,
              "fail": false,
              "pending": false,
              "context": null,
              "code": "// Use the custom command from commands.js to select another product\ncy.selectProduct(\"Seaweed Conditioner\");",
              "err": {},
              "uuid": "c1c0e673-1fd9-460e-b059-b5798353c0d8",
              "parentUUID": "954ad16f-7c20-4f15-8a65-7e922bb3b25b",
              "isHook": false,
              "skipped": false
            },
            {
              "title": "Select another product",
              "fullTitle": "Iterate over elements Select another product",
              "timedOut": null,
              "duration": 2300,
              "state": "passed",
              "speed": "fast",
              "pass": true,
              "fail": false,
              "pending": false,
              "context": null,
              "code": "// Use the custom command to select another product\ncy.selectProduct(\"Eau Parfumee\");",
              "err": {},
              "uuid": "2ea8acf2-743c-4830-8ac7-5666495375c4",
              "parentUUID": "954ad16f-7c20-4f15-8a65-7e922bb3b25b",
              "isHook": false,
              "skipped": false
            }
          ],
          "suites": [],
          "passes": [
            "84fb964f-23f7-4266-8c53-76fe7e05b944",
            "026583f1-a60e-469a-8870-edec7d407535",
            "c1c0e673-1fd9-460e-b059-b5798353c0d8",
            "2ea8acf2-743c-4830-8ac7-5666495375c4"
          ],
          "failures": [],
          "pending": [],
          "skipped": [],
          "duration": 9804,
          "root": false,
          "rootEmpty": false,
          "_timeout": 2000
        }
      ],
      "passes": [],
      "failures": [],
      "pending": [],
      "skipped": [],
      "duration": 0,
      "root": true,
      "rootEmpty": true,
      "_timeout": 2000
    },
    {
      "uuid": "d49d8d56-7b3c-432f-93b7-912b1b30d495",
      "title": "",
      "fullFile": "cypress/integration/automation-test-store/variables-and-cy-commands.js",
      "file": "cypress/integration/automation-test-store/variables-and-cy-commands.js",
      "beforeHooks": [],
      "afterHooks": [],
      "tests": [],
      "suites": [
        {
          "uuid": "bb4f78ec-64a2-4ea7-bfe5-16ce0324effe",
          "title": "Verifying variables, cypress commands and jquery commands",
          "fullFile": "",
          "file": "",
          "beforeHooks": [],
          "afterHooks": [],
          "tests": [
            {
              "title": "Navigating to specific product pages",
              "fullTitle": "Verifying variables, cypress commands and jquery commands Navigating to specific product pages",
              "timedOut": null,
              "duration": 2810,
              "state": "passed",
              "speed": "fast",
              "pass": true,
              "fail": false,
              "pending": false,
              "context": null,
              "code": "cy.visit(\"https://www.automationteststore.com/\"); // The following will fail\n// const makeuplink = cy.get('a[href*=\"product/category&path\"]').contains('Makeup')\n// const skincareLink = cy.get('a[href*=\"product/category&path\"]').contains('Skincare')\n// makeuplink.click()\n// skincareLink.click()\n// The following will pass because Cypress works sequentially\n// const makeuplink = cy.get('a[href*=\"product/category&path\"]').contains('Makeup')\n// makeuplink.click()\n// const skincareLink = cy.get('a[href*=\"product/category&path\"]').contains('Skincare')\n// skincareLink.click()\n// Recommended Approach\ncy.get('a[href*=\"product/category&path\"]').contains('Makeup').click();\ncy.get('a[href*=\"product/category&path\"]').contains('Skincare').click();",
              "err": {},
              "uuid": "c18fa3c9-7ff5-49a9-b409-25ef8870fe71",
              "parentUUID": "bb4f78ec-64a2-4ea7-bfe5-16ce0324effe",
              "isHook": false,
              "skipped": false
            },
            {
              "title": "Navigating to a specific product page",
              "fullTitle": "Verifying variables, cypress commands and jquery commands Navigating to a specific product page",
              "timedOut": null,
              "duration": 1675,
              "state": "passed",
              "speed": "fast",
              "pass": true,
              "fail": false,
              "pending": false,
              "context": null,
              "code": "cy.visit(\"https://www.automationteststore.com/\");\ncy.get('a[href*=\"product/category&path\"]').contains('Makeup').click(); // The following will fail\n// const header = cy.get('h1 .maintext')\n// cy.log(header.text())\n// The following will pass (Using the then promise)\ncy.get('h1 .maintext').then($headerText => {\n  const headerText = $headerText.text();\n  cy.log(\"Found HeaderText: \" + headerText);\n  expect(headerText).is.eq('Makeup');\n});",
              "err": {},
              "uuid": "d40084d3-d384-45f0-93cb-4de39f27fdab",
              "parentUUID": "bb4f78ec-64a2-4ea7-bfe5-16ce0324effe",
              "isHook": false,
              "skipped": false
            }
          ],
          "suites": [],
          "passes": [
            "c18fa3c9-7ff5-49a9-b409-25ef8870fe71",
            "d40084d3-d384-45f0-93cb-4de39f27fdab"
          ],
          "failures": [],
          "pending": [],
          "skipped": [],
          "duration": 4485,
          "root": false,
          "rootEmpty": false,
          "_timeout": 2000
        }
      ],
      "passes": [],
      "failures": [],
      "pending": [],
      "skipped": [],
      "duration": 0,
      "root": true,
      "rootEmpty": true,
      "_timeout": 2000
    },
    {
      "uuid": "c502d49b-6461-495b-a626-c73af0b4882f",
      "title": "",
      "fullFile": "cypress/integration/other/hooks.js",
      "file": "cypress/integration/other/hooks.js",
      "beforeHooks": [],
      "afterHooks": [],
      "tests": [],
      "suites": [
        {
          "uuid": "adb559b7-ab7e-4e2a-aed0-dd2992ad8147",
          "title": "Hooks",
          "fullFile": "",
          "file": "",
          "beforeHooks": [],
          "afterHooks": [],
          "tests": [
            {
              "title": "Example test1",
              "fullTitle": "Hooks Example test1",
              "timedOut": null,
              "duration": 34,
              "state": "passed",
              "speed": "fast",
              "pass": true,
              "fail": false,
              "pending": false,
              "context": null,
              "code": "cy.log(\"Example test1!\");",
              "err": {},
              "uuid": "3d54ea67-dad6-4e39-9b66-b81e5a6707fc",
              "parentUUID": "adb559b7-ab7e-4e2a-aed0-dd2992ad8147",
              "isHook": false,
              "skipped": false
            },
            {
              "title": "Example test2",
              "fullTitle": "Hooks Example test2",
              "timedOut": null,
              "duration": 11,
              "state": "passed",
              "speed": "fast",
              "pass": true,
              "fail": false,
              "pending": false,
              "context": null,
              "code": "cy.log(\"Example test2!\");",
              "err": {},
              "uuid": "32418b65-e788-4f9a-9cda-2ce73bc50737",
              "parentUUID": "adb559b7-ab7e-4e2a-aed0-dd2992ad8147",
              "isHook": false,
              "skipped": false
            }
          ],
          "suites": [],
          "passes": [
            "3d54ea67-dad6-4e39-9b66-b81e5a6707fc",
            "32418b65-e788-4f9a-9cda-2ce73bc50737"
          ],
          "failures": [],
          "pending": [],
          "skipped": [],
          "duration": 45,
          "root": false,
          "rootEmpty": false,
          "_timeout": 2000
        }
      ],
      "passes": [],
      "failures": [],
      "pending": [],
      "skipped": [],
      "duration": 0,
      "root": true,
      "rootEmpty": true,
      "_timeout": 2000
    },
    {
      "uuid": "611566b2-8a7f-4641-9110-b1563daa8214",
      "title": "",
      "fullFile": "cypress/integration/other/same-origin.js",
      "file": "cypress/integration/other/same-origin.js",
      "beforeHooks": [],
      "afterHooks": [],
      "tests": [],
      "suites": [
        {
          "uuid": "7791a619-28f1-45c1-8e1c-dcae1a39e1a9",
          "title": "Cypress web Security",
          "fullFile": "",
          "file": "",
          "beforeHooks": [],
          "afterHooks": [],
          "tests": [
            {
              "title": "Validate visiting two different domains",
              "fullTitle": "Cypress web Security Validate visiting two different domains",
              "timedOut": null,
              "duration": 801,
              "state": "passed",
              "speed": "fast",
              "pass": true,
              "fail": false,
              "pending": false,
              "context": null,
              "code": "// Will fail, cant visit two different super domains in the same it block\ncy.visit(\"http://www.webdriveruniversity.com\"); //   cy.visit(\"https://automationteststore.com/\");",
              "err": {},
              "uuid": "fb8d83f2-c824-4e8d-9d7d-e3dfaa1c7ae3",
              "parentUUID": "7791a619-28f1-45c1-8e1c-dcae1a39e1a9",
              "isHook": false,
              "skipped": false
            },
            {
              "title": "Validate visiting two different domiain via user actions",
              "fullTitle": "Cypress web Security Validate visiting two different domiain via user actions",
              "timedOut": null,
              "duration": 1392,
              "state": "passed",
              "speed": "fast",
              "pass": true,
              "fail": false,
              "pending": false,
              "context": null,
              "code": "// Add {\"chromeWebSecurity\": false} to cypress.json to pass in chrome or electron web browser\ncy.visit(\"http://www.webdriveruniversity.com\");\ncy.get(\"#automation-test-store\").invoke('removeAttr', 'target').click();",
              "err": {},
              "uuid": "8e8ab24b-0c43-4a3e-a80b-5934d4dd095b",
              "parentUUID": "7791a619-28f1-45c1-8e1c-dcae1a39e1a9",
              "isHook": false,
              "skipped": false
            }
          ],
          "suites": [],
          "passes": [
            "fb8d83f2-c824-4e8d-9d7d-e3dfaa1c7ae3",
            "8e8ab24b-0c43-4a3e-a80b-5934d4dd095b"
          ],
          "failures": [],
          "pending": [],
          "skipped": [],
          "duration": 2193,
          "root": false,
          "rootEmpty": false,
          "_timeout": 2000
        }
      ],
      "passes": [],
      "failures": [],
      "pending": [],
      "skipped": [],
      "duration": 0,
      "root": true,
      "rootEmpty": true,
      "_timeout": 2000
    },
    {
      "uuid": "5326e4f5-9bd5-4096-a9b9-6a1f99913f03",
      "title": "",
      "fullFile": "cypress/integration/webdriver-uni/actions.js",
      "file": "cypress/integration/webdriver-uni/actions.js",
      "beforeHooks": [],
      "afterHooks": [],
      "tests": [],
      "suites": [
        {
          "uuid": "4b9b8efd-15d0-4d46-8fd6-089dac9aeae5",
          "title": "Test mouse actions via webdriveruni",
          "fullFile": "",
          "file": "",
          "beforeHooks": [],
          "afterHooks": [],
          "tests": [
            {
              "title": "Should be able to hold down the left mouse click button",
              "fullTitle": "Test mouse actions via webdriveruni Should be able to hold down the left mouse click button",
              "timedOut": null,
              "duration": 1318,
              "state": "passed",
              "speed": "fast",
              "pass": true,
              "fail": false,
              "pending": false,
              "context": null,
              "code": "cy.visit(\"http://www.webdriveruniversity.com/\"); // use invoke(removeattr) to remove the target = _blank so you can open the page on the same same tab\ncy.get(\"#actions\").scrollIntoView().invoke(\"removeAttr\", \"target\").click({\n  force: true\n});\ncy.get(\"#click-box\").trigger(\"mousedown\", {\n  which: 1\n}).then($element => {\n  expect($element).to.have.css(\"background-color\", \"rgb(0, 255, 0)\");\n}).trigger('mouseup', {\n  force: true\n}).then($element1 => {\n  expect($element1).to.have.css(\"background-color\", \"rgb(255, 99, 71)\");\n});",
              "err": {},
              "uuid": "2fb047b4-3f05-487d-bd75-248fd6bf352d",
              "parentUUID": "4b9b8efd-15d0-4d46-8fd6-089dac9aeae5",
              "isHook": false,
              "skipped": false
            }
          ],
          "suites": [],
          "passes": [
            "2fb047b4-3f05-487d-bd75-248fd6bf352d"
          ],
          "failures": [],
          "pending": [],
          "skipped": [],
          "duration": 1318,
          "root": false,
          "rootEmpty": false,
          "_timeout": 2000
        }
      ],
      "passes": [],
      "failures": [],
      "pending": [],
      "skipped": [],
      "duration": 0,
      "root": true,
      "rootEmpty": true,
      "_timeout": 2000
    },
    {
      "uuid": "671e5cd8-c410-49c6-974c-284a87fd2d3c",
      "title": "",
      "fullFile": "cypress/integration/webdriver-uni/autocomplete-dropdown-list.js",
      "file": "cypress/integration/webdriver-uni/autocomplete-dropdown-list.js",
      "beforeHooks": [],
      "afterHooks": [],
      "tests": [],
      "suites": [
        {
          "uuid": "3bb26f28-3dba-4421-926a-4012c376fba4",
          "title": "Verify Autocomplete dropdown list via webdriveruni",
          "fullFile": "",
          "file": "",
          "beforeHooks": [],
          "afterHooks": [],
          "tests": [
            {
              "title": "Select specific values via auto-complete dropdown lists",
              "fullTitle": "Verify Autocomplete dropdown list via webdriveruni Select specific values via auto-complete dropdown lists",
              "timedOut": null,
              "duration": 1787,
              "state": "passed",
              "speed": "fast",
              "pass": true,
              "fail": false,
              "pending": false,
              "context": null,
              "code": "cy.visit(\"http://www.webdriveruniversity.com/\"); // use invoke(removeattr) to remove the target = _blank so you can open the page on the same same tab\ncy.get(\"#autocomplete-textfield\").invoke(\"removeAttr\", \"target\").click({\n  force: true\n});\ncy.get('#myInput').type('A'); // Use each command to iterate through the items\ncy.get(\"#myInputautocomplete-list > *\").each(($el, index, $list) => {\n  const prod = $el.text();\n  const productToSelect = 'Avacado'; // select product if productToSelect matches any of the iterations\n  if (prod === productToSelect) {\n    // $el.click() use $el.trigger if $el.click() is deprecated\n    $el.trigger(\"click\");\n    cy.get(\"#submit-button\").click();\n    cy.url().should('include', productToSelect);\n  } // Use the 'then()' promise to repeat the same for Grapes\n}).then(() => {\n  cy.get(\"#myInput\").type(\"G\"); // Use each command to iterate through the items\n  cy.get(\"#myInputautocomplete-list > *\").each(($el, index, $list) => {\n    const prod = $el.text();\n    const productToSelect = \"Grapes\"; // select product if productToSelect matches any of the iterations\n    if (prod === productToSelect) {\n      //   $el.click();\n      $el.trigger(\"click\");\n      cy.get(\"#submit-button\").click();\n      cy.url().should(\"include\", productToSelect);\n    }\n  });\n});",
              "err": {},
              "uuid": "69e5dbf6-2d92-4181-8c4b-b3a19869f8d8",
              "parentUUID": "3bb26f28-3dba-4421-926a-4012c376fba4",
              "isHook": false,
              "skipped": false
            }
          ],
          "suites": [],
          "passes": [
            "69e5dbf6-2d92-4181-8c4b-b3a19869f8d8"
          ],
          "failures": [],
          "pending": [],
          "skipped": [],
          "duration": 1787,
          "root": false,
          "rootEmpty": false,
          "_timeout": 2000
        }
      ],
      "passes": [],
      "failures": [],
      "pending": [],
      "skipped": [],
      "duration": 0,
      "root": true,
      "rootEmpty": true,
      "_timeout": 2000
    },
    {
      "uuid": "f701ffb6-584e-4f21-8cda-6bbce0be73f8",
      "title": "",
      "fullFile": "cypress/integration/webdriver-uni/browserNavigation.js",
      "file": "cypress/integration/webdriver-uni/browserNavigation.js",
      "beforeHooks": [],
      "afterHooks": [],
      "tests": [],
      "suites": [
        {
          "uuid": "bc6c9e29-d925-4329-b7bf-6dff6c6fbad0",
          "title": "Validate webdriver-uni links",
          "fullFile": "",
          "file": "",
          "beforeHooks": [],
          "afterHooks": [],
          "tests": [
            {
              "title": "Confirm links redirect to the correct pages",
              "fullTitle": "Validate webdriver-uni links Confirm links redirect to the correct pages",
              "timedOut": null,
              "duration": 3224,
              "state": "passed",
              "speed": "fast",
              "pass": true,
              "fail": false,
              "pending": false,
              "context": null,
              "code": "cy.visit(\"http://www.webdriveruniversity.com/\"); // use invoke(removeattr) to remove the target = _blank so you can open the page on the same same tab\ncy.get(\"#contact-us\").invoke(\"removeAttr\", \"target\").click({\n  force: true\n});\ncy.url().should(\"include\", \"contactus\");\ncy.go(\"back\"); // cy.reload(true) - reload without using cache\ncy.reload();\ncy.go(\"forward\");\ncy.url().should(\"include\", \"contactus\");\ncy.go(\"back\");\ncy.get(\"#login-portal\").invoke(\"removeAttr\", \"target\").click({\n  force: true\n});\ncy.url().should(\"include\", \"Login-Portal\");\ncy.go(\"back\");\ncy.go(\"back\");\ncy.get(\"#to-do-list\").invoke(\"removeAttr\", \"target\").click({\n  force: true\n});\ncy.url().should(\"include\", \"To-Do-List\");\ncy.go(\"back\");",
              "err": {},
              "uuid": "f27ba8a7-8ad9-40d4-9160-46860de7c303",
              "parentUUID": "bc6c9e29-d925-4329-b7bf-6dff6c6fbad0",
              "isHook": false,
              "skipped": false
            }
          ],
          "suites": [],
          "passes": [
            "f27ba8a7-8ad9-40d4-9160-46860de7c303"
          ],
          "failures": [],
          "pending": [],
          "skipped": [],
          "duration": 3224,
          "root": false,
          "rootEmpty": false,
          "_timeout": 2000
        }
      ],
      "passes": [],
      "failures": [],
      "pending": [],
      "skipped": [],
      "duration": 0,
      "root": true,
      "rootEmpty": true,
      "_timeout": 2000
    },
    {
      "uuid": "af50e3df-faab-4b74-bc2e-92552b102433",
      "title": "",
      "fullFile": "cypress/integration/webdriver-uni/checkboxes.js",
      "file": "cypress/integration/webdriver-uni/checkboxes.js",
      "beforeHooks": [],
      "afterHooks": [],
      "tests": [],
      "suites": [
        {
          "uuid": "cff6a3a9-7984-4d64-8c9f-0f699ade806e",
          "title": "Verify checkboxes via webdriveruni",
          "fullFile": "",
          "file": "",
          "beforeHooks": [],
          "afterHooks": [],
          "tests": [
            {
              "title": "Check and Validate Checkbox",
              "fullTitle": "Verify checkboxes via webdriveruni Check and Validate Checkbox",
              "timedOut": null,
              "duration": 398,
              "state": "passed",
              "speed": "fast",
              "pass": true,
              "fail": false,
              "pending": false,
              "context": null,
              "code": "//  cy.get('#checkboxes > :nth-child(1) > input').check()\n//   cy.get(\"#checkboxes > :nth-child(1) > input\").check().should('be.checked');\ncy.get(\"#checkboxes > :nth-child(1) > input\").as('option-1'); // cy.get('@option-1').check()\ncy.get(\"@option-1\").check().should('be.checked'); // cy.get(\"@option-1\").uncheck();",
              "err": {},
              "uuid": "ee8117e8-8b65-40ed-8938-6c3e0444cfd6",
              "parentUUID": "cff6a3a9-7984-4d64-8c9f-0f699ade806e",
              "isHook": false,
              "skipped": false
            },
            {
              "title": "Uncheck and Validate Checkbox is unchecked",
              "fullTitle": "Verify checkboxes via webdriveruni Uncheck and Validate Checkbox is unchecked",
              "timedOut": null,
              "duration": 220,
              "state": "passed",
              "speed": "fast",
              "pass": true,
              "fail": false,
              "pending": false,
              "context": null,
              "code": "//  cy.get('#checkboxes > :nth-child(1) > input').check()\n//   cy.get(\"#checkboxes > :nth-child(1) > input\").check().should('be.checked');\ncy.get(\":nth-child(5) > input\").as(\"option-3\"); // cy.get('@option-1').check()\ncy.get(\"@option-3\").uncheck().should(\"not.be.checked\"); // cy.get(\"@option-1\").uncheck();",
              "err": {},
              "uuid": "f7f16821-5b3c-4f80-996b-62c66ce4b064",
              "parentUUID": "cff6a3a9-7984-4d64-8c9f-0f699ade806e",
              "isHook": false,
              "skipped": false
            },
            {
              "title": "Check multiple checkboxes",
              "fullTitle": "Verify checkboxes via webdriveruni Check multiple checkboxes",
              "timedOut": null,
              "duration": 383,
              "state": "passed",
              "speed": "fast",
              "pass": true,
              "fail": false,
              "pending": false,
              "context": null,
              "code": "//  cy.get('#checkboxes > :nth-child(1) > input').check()\n//   cy.get(\"#checkboxes > :nth-child(1) > input\").check().should('be.checked');\ncy.get(\"input[type='checkbox']\").check([\"option-1\", \"option-2\", \"option-3\", \"option-4\"]);\ncy.get(\"input[type='checkbox']\").should('be.checked');",
              "err": {},
              "uuid": "cdc07dfc-d0c7-4bd8-a55d-8ce8df62abad",
              "parentUUID": "cff6a3a9-7984-4d64-8c9f-0f699ade806e",
              "isHook": false,
              "skipped": false
            }
          ],
          "suites": [],
          "passes": [
            "ee8117e8-8b65-40ed-8938-6c3e0444cfd6",
            "f7f16821-5b3c-4f80-996b-62c66ce4b064",
            "cdc07dfc-d0c7-4bd8-a55d-8ce8df62abad"
          ],
          "failures": [],
          "pending": [],
          "skipped": [],
          "duration": 1001,
          "root": false,
          "rootEmpty": false,
          "_timeout": 2000
        }
      ],
      "passes": [],
      "failures": [],
      "pending": [],
      "skipped": [],
      "duration": 0,
      "root": true,
      "rootEmpty": true,
      "_timeout": 2000
    },
    {
      "uuid": "0e748c35-5676-4fbd-85fb-d6be793d6856",
      "title": "",
      "fullFile": "cypress/integration/webdriver-uni/contact-us-copy.js",
      "file": "cypress/integration/webdriver-uni/contact-us-copy.js",
      "beforeHooks": [],
      "afterHooks": [],
      "tests": [],
      "suites": [
        {
          "uuid": "bbb91674-20d9-4357-bff4-c1cda93cf8e3",
          "title": "Test Contact Us form via WebdriverUni",
          "fullFile": "",
          "file": "",
          "beforeHooks": [],
          "afterHooks": [],
          "tests": [
            {
              "title": "Should be able to submit a Successful submission via contact us form",
              "fullTitle": "Test Contact Us form via WebdriverUni Should be able to submit a Successful submission via contact us form",
              "timedOut": null,
              "duration": 4560,
              "state": "passed",
              "speed": "fast",
              "pass": true,
              "fail": false,
              "pending": false,
              "context": null,
              "code": "//   cy.visit('http://www.webdriveruniversity.com/Contact-Us/contactus.html')\n// Assertion with cy.document\ncy.document().should(\"have.property\", \"charset\").and(\"eq\", \"UTF-8\"); // Assertion with cy.title\ncy.title().should(\"include\", \"WebDriver\"); //  cy.get('#contact-us').click()\ncy.url().should(\"include\", \"contactus\"); // use methode from Contact_Us_PO.js page object\ncontact_Us_PO.contactForm_Submission(Cypress.env('first_name'), data.last_name, data.email, \"Hello World!\", \"h1\", \"Thank You for your Message\");",
              "err": {},
              "uuid": "f175d57a-1908-485b-aa76-074b935bb1fa",
              "parentUUID": "bbb91674-20d9-4357-bff4-c1cda93cf8e3",
              "isHook": false,
              "skipped": false
            },
            {
              "title": "Should not be able to submit a Successful submission via contact us form as all fields are  required",
              "fullTitle": "Test Contact Us form via WebdriverUni Should not be able to submit a Successful submission via contact us form as all fields are  required",
              "timedOut": null,
              "duration": 2082,
              "state": "passed",
              "speed": "fast",
              "pass": true,
              "fail": false,
              "pending": false,
              "context": null,
              "code": "// Use method from Page Objects\ncontact_Us_PO.contactForm_Submission(Cypress.env(\"first_name\"), data.last_name, \" \", 'Hello World !', \"body\", \"Error: Invalid email address\");",
              "err": {},
              "uuid": "a6f65820-29c4-4ca6-a0eb-0666b5206361",
              "parentUUID": "bbb91674-20d9-4357-bff4-c1cda93cf8e3",
              "isHook": false,
              "skipped": false
            },
            {
              "title": "Should be able to submit a Successful submission via custom command",
              "fullTitle": "Test Contact Us form via WebdriverUni Should be able to submit a Successful submission via custom command",
              "timedOut": null,
              "duration": 2059,
              "state": "passed",
              "speed": "fast",
              "pass": true,
              "fail": false,
              "pending": false,
              "context": null,
              "code": "// use 'the customm command to execute the same test\ncy.webdriverUni_ContactForm_Submission( // data.first_name,\nCypress.env(\"first_name\"), data.last_name, data.email, \"Hello World !\", \"h1\", \"Thank You for your Message!\");",
              "err": {},
              "uuid": "ea46ae37-06f0-4867-9bd2-58c41012411c",
              "parentUUID": "bbb91674-20d9-4357-bff4-c1cda93cf8e3",
              "isHook": false,
              "skipped": false
            },
            {
              "title": "Should not be able to submit a Successful submission via custom command",
              "fullTitle": "Test Contact Us form via WebdriverUni Should not be able to submit a Successful submission via custom command",
              "timedOut": null,
              "duration": 1435,
              "state": "passed",
              "speed": "fast",
              "pass": true,
              "fail": false,
              "pending": false,
              "context": null,
              "code": "// use 'the customm command to execute the same test\ncy.webdriverUni_ContactForm_Submission(data.first_name, data.last_name, \" \", \"Hello World !\", \"body\", \"Error: Invalid email address\");",
              "err": {},
              "uuid": "fe729985-e416-4246-ab28-4351ad7c6137",
              "parentUUID": "bbb91674-20d9-4357-bff4-c1cda93cf8e3",
              "isHook": false,
              "skipped": false
            }
          ],
          "suites": [],
          "passes": [
            "f175d57a-1908-485b-aa76-074b935bb1fa",
            "a6f65820-29c4-4ca6-a0eb-0666b5206361",
            "ea46ae37-06f0-4867-9bd2-58c41012411c",
            "fe729985-e416-4246-ab28-4351ad7c6137"
          ],
          "failures": [],
          "pending": [],
          "skipped": [],
          "duration": 10136,
          "root": false,
          "rootEmpty": false,
          "_timeout": 2000
        }
      ],
      "passes": [],
      "failures": [],
      "pending": [],
      "skipped": [],
      "duration": 0,
      "root": true,
      "rootEmpty": true,
      "_timeout": 2000
    },
    {
      "uuid": "79bb415a-2a53-4887-862f-2fabfff74c2f",
      "title": "",
      "fullFile": "cypress/integration/webdriver-uni/contact-us.js",
      "file": "cypress/integration/webdriver-uni/contact-us.js",
      "beforeHooks": [],
      "afterHooks": [],
      "tests": [],
      "suites": [
        {
          "uuid": "d7b11ddf-bead-423b-ac35-e673f822f8d2",
          "title": "Test Contact Us form via WebdriverUni",
          "fullFile": "",
          "file": "",
          "beforeHooks": [],
          "afterHooks": [],
          "tests": [
            {
              "title": "Should be able to submit a Successful submission via contact us form",
              "fullTitle": "Test Contact Us form via WebdriverUni Should be able to submit a Successful submission via contact us form",
              "timedOut": null,
              "duration": 2069,
              "state": "passed",
              "speed": "fast",
              "pass": true,
              "fail": false,
              "pending": false,
              "context": null,
              "code": "//   cy.visit('http://www.webdriveruniversity.com/Contact-Us/contactus.html')\n// Assertion with cy.document\ncy.document().should(\"have.property\", \"charset\").and(\"eq\", \"UTF-8\"); // Assertion with cy.title\ncy.title().should(\"include\", \"WebDriver\"); //  cy.get('#contact-us').click()\ncy.url().should(\"include\", \"contactus\");\ncy.get('[name=\"first_name\"]').type(data.first_name);\ncy.get('[name=\"last_name\"]').type(data.last_name);\ncy.get('[name=\"email\"]').type(data.email);\ncy.get('[name=\"message\"]').type(\"Hello World\");\ncy.xpath(\"//div[@id='form_buttons']//input[2]\").click();\ncy.get(\"h1\").should(\"have.text\", \"Thank You for your Message!\");",
              "err": {},
              "uuid": "85f4082f-c0e1-4527-8315-742eac555e9a",
              "parentUUID": "d7b11ddf-bead-423b-ac35-e673f822f8d2",
              "isHook": false,
              "skipped": false
            },
            {
              "title": "Should not be able to submit a Successful submission via contact us form as all fields are  required",
              "fullTitle": "Test Contact Us form via WebdriverUni Should not be able to submit a Successful submission via contact us form as all fields are  required",
              "timedOut": null,
              "duration": 1231,
              "state": "passed",
              "speed": "fast",
              "pass": true,
              "fail": false,
              "pending": false,
              "context": null,
              "code": "// cypress code\n//   cy.visit('http://www.webdriveruniversity.com/Contact-Us/contactus.html')\ncy.get('[name=\"first_name\"]').type(data.first_name);\ncy.get('[name=\"last_name\"]').type(data.last_name);\ncy.get('[name=\"email\"]').type(data.email); //   cy.get('[name=\"message\"]').type('Hello World')\ncy.xpath(\"//div[@id='form_buttons']//input[2]\").click(); //cy.get('body').should('have.text', 'Error: all fields are required')\n// cy.get('body').should('contain.text', 'Error: all fields are required')\ncy.get(\"body\").contains(\"Error: all fields are required\");",
              "err": {},
              "uuid": "e1cfe102-7a1b-4e53-b374-680852caea82",
              "parentUUID": "d7b11ddf-bead-423b-ac35-e673f822f8d2",
              "isHook": false,
              "skipped": false
            },
            {
              "title": "Should be able to submit a Successful submission via custom command",
              "fullTitle": "Test Contact Us form via WebdriverUni Should be able to submit a Successful submission via custom command",
              "timedOut": null,
              "duration": 1842,
              "state": "passed",
              "speed": "fast",
              "pass": true,
              "fail": false,
              "pending": false,
              "context": null,
              "code": "// use 'the customm command to execute the same test\ncy.webdriverUni_ContactForm_Submission( // data.first_name,\nCypress.env(\"first_name\"), data.last_name, data.email, \"Hello World !\", \"h1\", \"Thank You for your Message!\");",
              "err": {},
              "uuid": "56dbff1e-3611-44fe-8b56-d60814a51037",
              "parentUUID": "d7b11ddf-bead-423b-ac35-e673f822f8d2",
              "isHook": false,
              "skipped": false
            },
            {
              "title": "Should not be able to submit a Successful submission via custom command",
              "fullTitle": "Test Contact Us form via WebdriverUni Should not be able to submit a Successful submission via custom command",
              "timedOut": null,
              "duration": 1202,
              "state": "passed",
              "speed": "fast",
              "pass": true,
              "fail": false,
              "pending": false,
              "context": null,
              "code": "// use 'the customm command to execute the same test\ncy.webdriverUni_ContactForm_Submission(data.first_name, data.last_name, \" \", \"Hello World !\", \"body\", \"Error: Invalid email address\");",
              "err": {},
              "uuid": "7e6fe0e7-cdc1-44e1-8e39-4444810c8da9",
              "parentUUID": "d7b11ddf-bead-423b-ac35-e673f822f8d2",
              "isHook": false,
              "skipped": false
            }
          ],
          "suites": [],
          "passes": [
            "85f4082f-c0e1-4527-8315-742eac555e9a",
            "e1cfe102-7a1b-4e53-b374-680852caea82",
            "56dbff1e-3611-44fe-8b56-d60814a51037",
            "7e6fe0e7-cdc1-44e1-8e39-4444810c8da9"
          ],
          "failures": [],
          "pending": [],
          "skipped": [],
          "duration": 6344,
          "root": false,
          "rootEmpty": false,
          "_timeout": 2000
        }
      ],
      "passes": [],
      "failures": [],
      "pending": [],
      "skipped": [],
      "duration": 0,
      "root": true,
      "rootEmpty": true,
      "_timeout": 2000
    },
    {
      "uuid": "f4db8533-76d2-42c5-95cd-6198ce4000dc",
      "title": "",
      "fullFile": "cypress/integration/webdriver-uni/data-tables.js",
      "file": "cypress/integration/webdriver-uni/data-tables.js",
      "beforeHooks": [],
      "afterHooks": [],
      "tests": [],
      "suites": [
        {
          "uuid": "604e2c74-0dd4-49f4-84e3-7026370b841a",
          "title": "Hadling Data Tables via webdriver-uni",
          "fullFile": "",
          "file": "",
          "beforeHooks": [],
          "afterHooks": [],
          "tests": [
            {
              "title": "Calculate and assert the total age of all users",
              "fullTitle": "Hadling Data Tables via webdriver-uni Calculate and assert the total age of all users",
              "timedOut": null,
              "duration": 1089,
              "state": "passed",
              "speed": "fast",
              "pass": true,
              "fail": false,
              "pending": false,
              "context": null,
              "code": "// retrieve detials from table and add all the ages\nvar userDetails = [];\nlet numb = 0;\ncy.get(\"#thumbnail-1 td\").each(($el, index, $list) => {\n  userDetails[index] = $el.text();\n}).then(() => {\n  var i;\n  for (i = 0; i < userDetails.length; i++) {\n    if (Number(userDetails[i])) {\n      numb += Number(userDetails[i]);\n    } //  cy.log(userDetails[i])\n  }\n  cy.log(\"Found total age: \" + numb);\n  expect(numb).to.eq(322);\n});",
              "err": {},
              "uuid": "fa595a55-535c-4806-b9aa-490781a16704",
              "parentUUID": "604e2c74-0dd4-49f4-84e3-7026370b841a",
              "isHook": false,
              "skipped": false
            },
            {
              "title": "Calculate and assert the of a given user based upon their last name",
              "fullTitle": "Hadling Data Tables via webdriver-uni Calculate and assert the of a given user based upon their last name",
              "timedOut": null,
              "duration": 443,
              "state": "passed",
              "speed": "fast",
              "pass": true,
              "fail": false,
              "pending": false,
              "context": null,
              "code": "// Retrieve details for Woods from the table and find the age\ncy.get(\"#thumbnail-1 tr td:nth-child(2)\").each(($el, index, $list) => {\n  const text = $el.text();\n  if (text.includes(\"Woods\")) {\n    cy.get(\"#thumbnail-1 tr td:nth-child(2)\").eq(index) // extract age with next()\n    .next().then(function (age) {\n      const userAge = age.text();\n      expect(userAge).to.eq('80');\n    });\n  }\n});",
              "err": {},
              "uuid": "dafe2596-1022-41e3-a4dd-6f664777094a",
              "parentUUID": "604e2c74-0dd4-49f4-84e3-7026370b841a",
              "isHook": false,
              "skipped": false
            }
          ],
          "suites": [],
          "passes": [
            "fa595a55-535c-4806-b9aa-490781a16704",
            "dafe2596-1022-41e3-a4dd-6f664777094a"
          ],
          "failures": [],
          "pending": [],
          "skipped": [],
          "duration": 1532,
          "root": false,
          "rootEmpty": false,
          "_timeout": 2000
        }
      ],
      "passes": [],
      "failures": [],
      "pending": [],
      "skipped": [],
      "duration": 0,
      "root": true,
      "rootEmpty": true,
      "_timeout": 2000
    },
    {
      "uuid": "fd13ec1b-3f54-4f6e-a960-0683f95e2842",
      "title": "",
      "fullFile": "cypress/integration/webdriver-uni/date-picker.js",
      "file": "cypress/integration/webdriver-uni/date-picker.js",
      "beforeHooks": [],
      "afterHooks": [],
      "tests": [],
      "suites": [
        {
          "uuid": "d6ef39d9-b401-4503-b4b2-fba8d7021191",
          "title": "Hadling Date picker via webdriver-uni",
          "fullFile": "",
          "file": "",
          "beforeHooks": [],
          "afterHooks": [],
          "tests": [
            {
              "title": "Select Date from date pickers",
              "fullTitle": "Hadling Date picker via webdriver-uni Select Date from date pickers",
              "timedOut": null,
              "duration": 2413,
              "state": "passed",
              "speed": "fast",
              "pass": true,
              "fail": false,
              "pending": false,
              "context": null,
              "code": "cy.get('#datepicker').click(); //   let date = new Date();\n//   date.setDate(date.getDate()); // Get the current day i.e 4\n//   cy.log(date.getDate());\n//   let date2 = new Date();\n//   date2.setDate(date2.getDate() + 5); // Get the current day i.e 4 +5 = 9\n//   cy.log(date2.getDate());\nvar date = new Date();\ndate.setDate(date.getDate() + 409); // Create a future year, month & day\nvar futureYear = date.getFullYear();\nvar futureMonth = date.toLocaleString(\"default\", {\n  month: \"long\"\n});\nvar futureDay = date.getDate();\ncy.log(\"Future year to select: \" + futureYear);\ncy.log(\"Future month to select: \" + futureMonth);\ncy.log(\"Future day to select: \" + futureDay);\ncy.get(\".input-group-addon\").click();\nfunction selectMonthAndYear() {\n  cy.get(\".datepicker-dropdown\").find(\".datepicker-switch\").first().then(currentDate => {\n    if (!currentDate.text().includes(futureMonth)) {\n      cy.get(\".next\").first().click();\n      selectMonthAndYear();\n    }\n  });\n}\n;\nfunction selectFutureDay() {\n  cy.get('[class=\"day\"]').contains(futureDay).click();\n} // Call function to select month and year\n\nselectMonthAndYear(); // call function to select Day\nselectFutureDay();",
              "err": {},
              "uuid": "eedcf0dd-a295-44e6-8094-37c2bc55136f",
              "parentUUID": "d6ef39d9-b401-4503-b4b2-fba8d7021191",
              "isHook": false,
              "skipped": false
            }
          ],
          "suites": [],
          "passes": [
            "eedcf0dd-a295-44e6-8094-37c2bc55136f"
          ],
          "failures": [],
          "pending": [],
          "skipped": [],
          "duration": 2413,
          "root": false,
          "rootEmpty": false,
          "_timeout": 2000
        }
      ],
      "passes": [],
      "failures": [],
      "pending": [],
      "skipped": [],
      "duration": 0,
      "root": true,
      "rootEmpty": true,
      "_timeout": 2000
    },
    {
      "uuid": "54ee39bc-c2b3-4dbf-bd7c-6c9251863106",
      "title": "",
      "fullFile": "cypress/integration/webdriver-uni/iframe.js",
      "file": "cypress/integration/webdriver-uni/iframe.js",
      "beforeHooks": [],
      "afterHooks": [],
      "tests": [],
      "suites": [
        {
          "uuid": "2132e0a9-cb46-4584-ba7d-7ae7d21156a5",
          "title": "Handling iFrame & Modals",
          "fullFile": "",
          "file": "",
          "beforeHooks": [],
          "afterHooks": [],
          "tests": [
            {
              "title": "Confirm js alert contains the correct text",
              "fullTitle": "Handling iFrame & Modals Confirm js alert contains the correct text",
              "timedOut": null,
              "duration": 1509,
              "state": "passed",
              "speed": "fast",
              "pass": true,
              "fail": false,
              "pending": false,
              "context": null,
              "code": "cy.visit(\"http://www.webdriveruniversity.com/\"); // use invoke(removeattr) to remove the target = _blank so you can open the page on the same same tab\ncy.get(\"#iframe\").invoke(\"removeAttr\", \"target\").click({\n  force: true\n}); // \ncy.get('#frame').then($iframe => {\n  // find the body of the Iframe\n  const body = $iframe.contents().find('body'); // wrap with cy.wrap and use Alias iframe\n  cy.wrap(body).as('iframe');\n}); // Use Alias to call cypress commands to interact with the elements\ncy.get(\"@iframe\").find(\"#button-find-out-more\").click();\ncy.get(\"@iframe\").find(\"#myModal\").as('modal');\ncy.get('@modal').should($expectedText => {\n  // use Jquery method text() to retrieve text from modal\n  const text = $expectedText.text();\n  expect(text).to.include(\"Welcome to webdriveruniversity.com we sell a wide range of electrical goods\");\n});\ncy.get(\"@modal\").contains(\"Close\").click();",
              "err": {},
              "uuid": "ea524eb3-360b-41e3-b2b7-976bdd1ee29b",
              "parentUUID": "2132e0a9-cb46-4584-ba7d-7ae7d21156a5",
              "isHook": false,
              "skipped": false
            }
          ],
          "suites": [],
          "passes": [
            "ea524eb3-360b-41e3-b2b7-976bdd1ee29b"
          ],
          "failures": [],
          "pending": [],
          "skipped": [],
          "duration": 1509,
          "root": false,
          "rootEmpty": false,
          "_timeout": 2000
        }
      ],
      "passes": [],
      "failures": [],
      "pending": [],
      "skipped": [],
      "duration": 0,
      "root": true,
      "rootEmpty": true,
      "_timeout": 2000
    },
    {
      "uuid": "66423ead-d61c-498c-876b-497bf42b48d9",
      "title": "",
      "fullFile": "cypress/integration/webdriver-uni/js-alerts.js",
      "file": "cypress/integration/webdriver-uni/js-alerts.js",
      "beforeHooks": [],
      "afterHooks": [],
      "tests": [],
      "suites": [
        {
          "uuid": "30a93b98-dbab-4f2b-bbdd-e62563eb2938",
          "title": "Handle js alerts",
          "fullFile": "",
          "file": "",
          "beforeHooks": [],
          "afterHooks": [],
          "tests": [
            {
              "title": "Validate js confirms alertbox using a STUB",
              "fullTitle": "Handle js alerts Validate js confirms alertbox using a STUB",
              "timedOut": null,
              "duration": 1169,
              "state": "passed",
              "speed": "fast",
              "pass": true,
              "fail": false,
              "pending": false,
              "context": null,
              "code": "cy.visit(\"http://www.webdriveruniversity.com/\");\ncy.get(\"#popup-alerts\").invoke(\"removeAttr\", \"target\").click({\n  force: true\n});\nconst stub = cy.stub();\ncy.on('window:confirm', stub);\ncy.get(\"#button4\").click().then(() => {\n  expect(stub.getCall(0)).to.be.calledWith('Press a button!');\n}).then(() => {\n  return true;\n}).then(() => {\n  cy.get(\"#confirm-alert-text\").contains(\"You pressed OK!\");\n});",
              "err": {},
              "uuid": "0b576147-7fb3-4815-bdd2-cfdcc4d7d865",
              "parentUUID": "30a93b98-dbab-4f2b-bbdd-e62563eb2938",
              "isHook": false,
              "skipped": false
            }
          ],
          "suites": [],
          "passes": [
            "0b576147-7fb3-4815-bdd2-cfdcc4d7d865"
          ],
          "failures": [],
          "pending": [],
          "skipped": [],
          "duration": 1169,
          "root": false,
          "rootEmpty": false,
          "_timeout": 2000
        }
      ],
      "passes": [],
      "failures": [],
      "pending": [],
      "skipped": [],
      "duration": 0,
      "root": true,
      "rootEmpty": true,
      "_timeout": 2000
    },
    {
      "uuid": "914bb533-e5eb-4e52-bff2-a62907a5118a",
      "title": "",
      "fullFile": "cypress/integration/webdriver-uni/radio-button.js",
      "file": "cypress/integration/webdriver-uni/radio-button.js",
      "beforeHooks": [],
      "afterHooks": [],
      "tests": [],
      "suites": [
        {
          "uuid": "cb07aabb-705a-4c03-890f-c07a04c07059",
          "title": "Verify radio buttons via webdriveruni",
          "fullFile": "",
          "file": "",
          "beforeHooks": [],
          "afterHooks": [],
          "tests": [
            {
              "title": "Check a specific radio button",
              "fullTitle": "Verify radio buttons via webdriveruni Check a specific radio button",
              "timedOut": null,
              "duration": 1141,
              "state": "passed",
              "speed": "fast",
              "pass": true,
              "fail": false,
              "pending": false,
              "context": null,
              "code": "cy.get(\"#radio-buttons\").find(\"[type='radio']\").first().check(); //('input[(value = \"green\")]');",
              "err": {},
              "uuid": "c2379462-3a69-42cb-958d-02ca0d367924",
              "parentUUID": "cb07aabb-705a-4c03-890f-c07a04c07059",
              "isHook": false,
              "skipped": false
            },
            {
              "title": "Check a specific radio button with index",
              "fullTitle": "Verify radio buttons via webdriveruni Check a specific radio button with index",
              "timedOut": null,
              "duration": 121,
              "state": "passed",
              "speed": "fast",
              "pass": true,
              "fail": false,
              "pending": false,
              "context": null,
              "code": "cy.get(\"#radio-buttons\").find(\"[type='radio']\").eq(1).check(); //('input[(value = \"green\")]');",
              "err": {},
              "uuid": "5db44c05-fc80-4513-b1b4-998ccdee6857",
              "parentUUID": "cb07aabb-705a-4c03-890f-c07a04c07059",
              "isHook": false,
              "skipped": false
            },
            {
              "title": "Validate radio buttons",
              "fullTitle": "Verify radio buttons via webdriveruni Validate radio buttons",
              "timedOut": null,
              "duration": 131,
              "state": "passed",
              "speed": "fast",
              "pass": true,
              "fail": false,
              "pending": false,
              "context": null,
              "code": "cy.get('[value = \"lettuce\"]').should('not.be.checked');\ncy.get('[value = \"pumpkin\"]').should(\"be.checked\");\ncy.get('[value = \"lettuce\"]').check();\ncy.get('[value = \"lettuce\"]').should(\"be.checked\");\ncy.get('[value = \"pumpkin\"]').should(\"not.be.checked\");",
              "err": {},
              "uuid": "4004774f-3985-4049-94d1-4752351a8565",
              "parentUUID": "cb07aabb-705a-4c03-890f-c07a04c07059",
              "isHook": false,
              "skipped": false
            }
          ],
          "suites": [],
          "passes": [
            "c2379462-3a69-42cb-958d-02ca0d367924",
            "5db44c05-fc80-4513-b1b4-998ccdee6857",
            "4004774f-3985-4049-94d1-4752351a8565"
          ],
          "failures": [],
          "pending": [],
          "skipped": [],
          "duration": 1393,
          "root": false,
          "rootEmpty": false,
          "_timeout": 2000
        }
      ],
      "passes": [],
      "failures": [],
      "pending": [],
      "skipped": [],
      "duration": 0,
      "root": true,
      "rootEmpty": true,
      "_timeout": 2000
    },
    {
      "uuid": "a829042c-08fe-4024-8f44-867d2a70f288",
      "title": "",
      "fullFile": "cypress/integration/webdriver-uni/select-dropdown.js",
      "file": "cypress/integration/webdriver-uni/select-dropdown.js",
      "beforeHooks": [],
      "afterHooks": [],
      "tests": [],
      "suites": [
        {
          "uuid": "2e2d873f-0beb-4aa4-bd49-4e844d223b98",
          "title": "Interact with dropdown lists via webdriveruni",
          "fullFile": "",
          "file": "",
          "beforeHooks": [],
          "afterHooks": [],
          "tests": [
            {
              "title": "Select specific values via select dropdown lists",
              "fullTitle": "Interact with dropdown lists via webdriveruni Select specific values via select dropdown lists",
              "timedOut": null,
              "duration": 1677,
              "state": "passed",
              "speed": "fast",
              "pass": true,
              "fail": false,
              "pending": false,
              "context": null,
              "code": "cy.visit(\"http://www.webdriveruniversity.com/\"); // use invoke(removeattr) to remove the target = _blank so you can open the page on the same same tab\ncy.get(\"#dropdown-checkboxes-radiobuttons\").invoke(\"removeAttr\", \"target\").click({\n  force: true\n});\ncy.get(\"#dropdowm-menu-1\").select('c#');\ncy.get(\"#dropdowm-menu-2\").select('testng').should('have.value', 'testng');\ncy.get(\"#dropdowm-menu-3\").select('JQuery').contains('JQuery');\ncy.get(\"#dropdowm-menu-2\").select(\"Maven\").should(\"have.value\", \"maven\");",
              "err": {},
              "uuid": "ed1705a7-4ddc-4a08-8d71-39f437c6e7d3",
              "parentUUID": "2e2d873f-0beb-4aa4-bd49-4e844d223b98",
              "isHook": false,
              "skipped": false
            }
          ],
          "suites": [],
          "passes": [
            "ed1705a7-4ddc-4a08-8d71-39f437c6e7d3"
          ],
          "failures": [],
          "pending": [],
          "skipped": [],
          "duration": 1677,
          "root": false,
          "rootEmpty": false,
          "_timeout": 2000
        }
      ],
      "passes": [],
      "failures": [],
      "pending": [],
      "skipped": [],
      "duration": 0,
      "root": true,
      "rootEmpty": true,
      "_timeout": 2000
    },
    {
      "uuid": "3f49a38a-cd4e-4e76-8b20-18dc6f98ef19",
      "title": "",
      "fullFile": "cypress/integration/webdriver-uni/traversing-elements.js",
      "file": "cypress/integration/webdriver-uni/traversing-elements.js",
      "beforeHooks": [],
      "afterHooks": [],
      "tests": [],
      "suites": [
        {
          "uuid": "5eb38560-5c6a-4a41-908c-305241ef29d4",
          "title": "Traversing DOM elements in Cypress",
          "fullFile": "",
          "file": "",
          "beforeHooks": [],
          "afterHooks": [],
          "tests": [
            {
              "title": "children() to get the children of the DOM elements",
              "fullTitle": "Traversing DOM elements in Cypress children() to get the children of the DOM elements",
              "timedOut": null,
              "duration": 1038,
              "state": "passed",
              "speed": "fast",
              "pass": true,
              "fail": false,
              "pending": false,
              "context": null,
              "code": "cy.get(\".traversal-breadcrumb\").children(\".active\").should(\"contain\", \"Contact Us\");",
              "err": {},
              "uuid": "0cf63261-3f1b-4e4a-bc9f-5e2472c1a48f",
              "parentUUID": "5eb38560-5c6a-4a41-908c-305241ef29d4",
              "isHook": false,
              "skipped": false
            },
            {
              "title": "closest() to validate the closest ancestor DOM element",
              "fullTitle": "Traversing DOM elements in Cypress closest() to validate the closest ancestor DOM element",
              "timedOut": null,
              "duration": 410,
              "state": "passed",
              "speed": "fast",
              "pass": true,
              "fail": false,
              "pending": false,
              "context": null,
              "code": "cy.get(\".traversal-badge\").closest(\"ul\").should(\"have.class\", \"list-group\");",
              "err": {},
              "uuid": "7412ca7e-1fbf-4f05-8666-0538ad89c47d",
              "parentUUID": "5eb38560-5c6a-4a41-908c-305241ef29d4",
              "isHook": false,
              "skipped": false
            },
            {
              "title": "eq() to retrieve a specific element based on index",
              "fullTitle": "Traversing DOM elements in Cypress eq() to retrieve a specific element based on index",
              "timedOut": null,
              "duration": 612,
              "state": "passed",
              "speed": "fast",
              "pass": true,
              "fail": false,
              "pending": false,
              "context": null,
              "code": "cy.get(\".traversal-drinks-list> *\").eq(2).should('contain', 'Milk');",
              "err": {},
              "uuid": "d73d3a3b-bedd-49cb-b580-e7bdb5395ccf",
              "parentUUID": "5eb38560-5c6a-4a41-908c-305241ef29d4",
              "isHook": false,
              "skipped": false
            },
            {
              "title": "filter() to retrieve elements that match a specific selector",
              "fullTitle": "Traversing DOM elements in Cypress filter() to retrieve elements that match a specific selector",
              "timedOut": null,
              "duration": 437,
              "state": "passed",
              "speed": "fast",
              "pass": true,
              "fail": false,
              "pending": false,
              "context": null,
              "code": "cy.get(\".btn-group-toggle >*\").filter(\".active\").should(\"contain\", \"Button-1\");",
              "err": {},
              "uuid": "b278ff44-60e0-4d40-b2e2-eccf231e3196",
              "parentUUID": "5eb38560-5c6a-4a41-908c-305241ef29d4",
              "isHook": false,
              "skipped": false
            },
            {
              "title": "find() to retrieve DOM elements of a given selector",
              "fullTitle": "Traversing DOM elements in Cypress find() to retrieve DOM elements of a given selector",
              "timedOut": null,
              "duration": 402,
              "state": "passed",
              "speed": "fast",
              "pass": true,
              "fail": false,
              "pending": false,
              "context": null,
              "code": "cy.get(\".traversal-pagination\").find(\"li\").find(\"a\").should(\"have.length\", 7);",
              "err": {},
              "uuid": "9ed2cef3-1cb3-4d42-aaff-fd1f4ca9fa73",
              "parentUUID": "5eb38560-5c6a-4a41-908c-305241ef29d4",
              "isHook": false,
              "skipped": false
            },
            {
              "title": "first() to retrieve the first DOM element within elements",
              "fullTitle": "Traversing DOM elements in Cypress first() to retrieve the first DOM element within elements",
              "timedOut": null,
              "duration": 374,
              "state": "passed",
              "speed": "fast",
              "pass": true,
              "fail": false,
              "pending": false,
              "context": null,
              "code": "cy.get(\".traversal-table > tbody > tr > td\").first().should(\"contain\", \"Andy\");",
              "err": {},
              "uuid": "afb976ce-e620-414a-8ca1-a02931c18971",
              "parentUUID": "5eb38560-5c6a-4a41-908c-305241ef29d4",
              "isHook": false,
              "skipped": false
            },
            {
              "title": "last() to retrieve the last DOM element within elements",
              "fullTitle": "Traversing DOM elements in Cypress last() to retrieve the last DOM element within elements",
              "timedOut": null,
              "duration": 395,
              "state": "passed",
              "speed": "fast",
              "pass": true,
              "fail": false,
              "pending": false,
              "context": null,
              "code": "cy.get(\".traversal-table > tbody > tr > td\").last().should(\"contain\", \"Scott\");",
              "err": {},
              "uuid": "119c0249-3e45-4de6-8178-a2f9e1a8006a",
              "parentUUID": "5eb38560-5c6a-4a41-908c-305241ef29d4",
              "isHook": false,
              "skipped": false
            },
            {
              "title": "nextAll() to get all of the next sibling DOM elements within elements",
              "fullTitle": "Traversing DOM elements in Cypress nextAll() to get all of the next sibling DOM elements within elements",
              "timedOut": null,
              "duration": 468,
              "state": "passed",
              "speed": "fast",
              "pass": true,
              "fail": false,
              "pending": false,
              "context": null,
              "code": "cy.get(\".traversal-drinks-list\").contains(\"Tea\").nextAll().should(\"have.length\", 3);",
              "err": {},
              "uuid": "a1906e7f-a6f8-4e91-97ee-3f44d3fa14ff",
              "parentUUID": "5eb38560-5c6a-4a41-908c-305241ef29d4",
              "isHook": false,
              "skipped": false
            },
            {
              "title": "nextUntil() to get all of the next sibling DOM elements within elements until another element",
              "fullTitle": "Traversing DOM elements in Cypress nextUntil() to get all of the next sibling DOM elements within elements until another element",
              "timedOut": null,
              "duration": 431,
              "state": "passed",
              "speed": "fast",
              "pass": true,
              "fail": false,
              "pending": false,
              "context": null,
              "code": "cy.get(\"#coffee\").nextUntil(\"#milk\");",
              "err": {},
              "uuid": "1f0a3a9e-579a-4c48-876d-2fe3bda7e113",
              "parentUUID": "5eb38560-5c6a-4a41-908c-305241ef29d4",
              "isHook": false,
              "skipped": false
            },
            {
              "title": "not() to remove DOM element(s) from the set of elements",
              "fullTitle": "Traversing DOM elements in Cypress not() to remove DOM element(s) from the set of elements",
              "timedOut": null,
              "duration": 437,
              "state": "passed",
              "speed": "fast",
              "pass": true,
              "fail": false,
              "pending": false,
              "context": null,
              "code": "cy.get(\".traversal-button-states > button\").not(\".disabled\").should(\"not.have.class\", \"disabled\");",
              "err": {},
              "uuid": "dfa720f4-d275-48b5-989e-bb589c95534a",
              "parentUUID": "5eb38560-5c6a-4a41-908c-305241ef29d4",
              "isHook": false,
              "skipped": false
            },
            {
              "title": "parent() To get parent DOM element of elements",
              "fullTitle": "Traversing DOM elements in Cypress parent() To get parent DOM element of elements",
              "timedOut": null,
              "duration": 421,
              "state": "passed",
              "speed": "fast",
              "pass": true,
              "fail": false,
              "pending": false,
              "context": null,
              "code": "cy.get(\".traversal-mark\").parent().should(\"contain\", \"Lorem ipsum dolor sit amet\");",
              "err": {},
              "uuid": "2d1301af-b77b-480e-b7d8-6a74abab6403",
              "parentUUID": "5eb38560-5c6a-4a41-908c-305241ef29d4",
              "isHook": false,
              "skipped": false
            },
            {
              "title": "parents() to get parents DOM element of elements",
              "fullTitle": "Traversing DOM elements in Cypress parents() to get parents DOM element of elements",
              "timedOut": null,
              "duration": 386,
              "state": "passed",
              "speed": "fast",
              "pass": true,
              "fail": false,
              "pending": false,
              "context": null,
              "code": "cy.get(\".traversal-cite\").parents().should(\"match\", \"blockquote\");",
              "err": {},
              "uuid": "450b9f20-294d-4841-8aaf-c9cccb2b0a3f",
              "parentUUID": "5eb38560-5c6a-4a41-908c-305241ef29d4",
              "isHook": false,
              "skipped": false
            },
            {
              "title": "prev() to get the previous sibling DOM element within elements",
              "fullTitle": "Traversing DOM elements in Cypress prev() to get the previous sibling DOM element within elements",
              "timedOut": null,
              "duration": 395,
              "state": "passed",
              "speed": "fast",
              "pass": true,
              "fail": false,
              "pending": false,
              "context": null,
              "code": "cy.get(\"#sugar\").prev().contains(\"Espresso\");",
              "err": {},
              "uuid": "6bc3a32d-d78d-4771-a8d4-7a1e7088ce97",
              "parentUUID": "5eb38560-5c6a-4a41-908c-305241ef29d4",
              "isHook": false,
              "skipped": false
            },
            {
              "title": "prevAll() to get all previous sibling DOM elements within elements",
              "fullTitle": "Traversing DOM elements in Cypress prevAll() to get all previous sibling DOM elements within elements",
              "timedOut": null,
              "duration": 440,
              "state": "passed",
              "speed": "fast",
              "pass": true,
              "fail": false,
              "pending": false,
              "context": null,
              "code": "cy.get(\".sales\").prevAll().should('have.length', 2);",
              "err": {},
              "uuid": "b9fdd9ab-a778-4f72-a09d-638a2c2ce9e8",
              "parentUUID": "5eb38560-5c6a-4a41-908c-305241ef29d4",
              "isHook": false,
              "skipped": false
            },
            {
              "title": "prevUntil() to get all previous sibling DOM elements withing elements until other element",
              "fullTitle": "Traversing DOM elements in Cypress prevUntil() to get all previous sibling DOM elements withing elements until other element",
              "timedOut": null,
              "duration": 369,
              "state": "passed",
              "speed": "fast",
              "pass": true,
              "fail": false,
              "pending": false,
              "context": null,
              "code": "cy.get(\"#veggie\").prevUntil('#fruits').should(\"have.length\", 5);",
              "err": {},
              "uuid": "cbf885fb-a1d9-47f4-ba74-01f488a617f9",
              "parentUUID": "5eb38560-5c6a-4a41-908c-305241ef29d4",
              "isHook": false,
              "skipped": false
            },
            {
              "title": "siblings() to get all sibling DOM elements of elements",
              "fullTitle": "Traversing DOM elements in Cypress siblings() to get all sibling DOM elements of elements",
              "timedOut": null,
              "duration": 404,
              "state": "passed",
              "speed": "fast",
              "pass": true,
              "fail": false,
              "pending": false,
              "context": null,
              "code": "cy.get(\".traversal-button-other-states .active\").siblings().should('have.length', 3);",
              "err": {},
              "uuid": "826b735e-3563-466b-b7e2-1b05defa58b0",
              "parentUUID": "5eb38560-5c6a-4a41-908c-305241ef29d4",
              "isHook": false,
              "skipped": false
            }
          ],
          "suites": [],
          "passes": [
            "0cf63261-3f1b-4e4a-bc9f-5e2472c1a48f",
            "7412ca7e-1fbf-4f05-8666-0538ad89c47d",
            "d73d3a3b-bedd-49cb-b580-e7bdb5395ccf",
            "b278ff44-60e0-4d40-b2e2-eccf231e3196",
            "9ed2cef3-1cb3-4d42-aaff-fd1f4ca9fa73",
            "afb976ce-e620-414a-8ca1-a02931c18971",
            "119c0249-3e45-4de6-8178-a2f9e1a8006a",
            "a1906e7f-a6f8-4e91-97ee-3f44d3fa14ff",
            "1f0a3a9e-579a-4c48-876d-2fe3bda7e113",
            "dfa720f4-d275-48b5-989e-bb589c95534a",
            "2d1301af-b77b-480e-b7d8-6a74abab6403",
            "450b9f20-294d-4841-8aaf-c9cccb2b0a3f",
            "6bc3a32d-d78d-4771-a8d4-7a1e7088ce97",
            "b9fdd9ab-a778-4f72-a09d-638a2c2ce9e8",
            "cbf885fb-a1d9-47f4-ba74-01f488a617f9",
            "826b735e-3563-466b-b7e2-1b05defa58b0"
          ],
          "failures": [],
          "pending": [],
          "skipped": [],
          "duration": 7419,
          "root": false,
          "rootEmpty": false,
          "_timeout": 2000
        }
      ],
      "passes": [],
      "failures": [],
      "pending": [],
      "skipped": [],
      "duration": 0,
      "root": true,
      "rootEmpty": true,
      "_timeout": 2000
    },
    {
      "uuid": "812ddcde-d2c0-47a6-b3ef-142ef25c94d3",
      "title": "",
      "fullFile": "cypress/integration/webdriver-uni/upload-file.js",
      "file": "cypress/integration/webdriver-uni/upload-file.js",
      "beforeHooks": [],
      "afterHooks": [],
      "tests": [],
      "suites": [
        {
          "uuid": "9b52fc3e-7593-472a-8e78-63ba2c55d51f",
          "title": "Test File Upload via webdriveruni",
          "fullFile": "",
          "file": "",
          "beforeHooks": [],
          "afterHooks": [],
          "tests": [
            {
              "title": "Upload a file ......",
              "fullTitle": "Test File Upload via webdriveruni Upload a file ......",
              "timedOut": null,
              "duration": 1316,
              "state": "passed",
              "speed": "fast",
              "pass": true,
              "fail": false,
              "pending": false,
              "context": null,
              "code": "cy.visit(\"http://www.webdriveruniversity.com/\"); // use invoke(removeattr) to remove the target = _blank so you can open the page on the same same tab\ncy.get(\"#file-upload\").scrollIntoView().invoke(\"removeAttr\", \"target\").click({\n  force: true\n}); // select file from fixture and encode with base64\ncy.fixture(\"5kg-wristAnkle.jpeg\", \"base64\").then(fileContent => {\n  // Upload into the upload element and describe the fileContents\n  cy.get('#myFile').attachFile({\n    fileContent,\n    fileName: \"5kg-wristAnkle.jpeg\",\n    mimeType: \"image/jpeg\"\n  }, {\n    uploadType: \"input\"\n  });\n  cy.get(\"#submit-button\").click();\n});",
              "err": {},
              "uuid": "dbf231e6-0a88-4ff4-81ab-0ce10f1d6b6d",
              "parentUUID": "9b52fc3e-7593-472a-8e78-63ba2c55d51f",
              "isHook": false,
              "skipped": false
            }
          ],
          "suites": [],
          "passes": [
            "dbf231e6-0a88-4ff4-81ab-0ce10f1d6b6d"
          ],
          "failures": [],
          "pending": [],
          "skipped": [],
          "duration": 1316,
          "root": false,
          "rootEmpty": false,
          "_timeout": 2000
        }
      ],
      "passes": [],
      "failures": [],
      "pending": [],
      "skipped": [],
      "duration": 0,
      "root": true,
      "rootEmpty": true,
      "_timeout": 2000
    }
  ],
  "meta": {
    "mocha": {
      "version": "7.0.1"
    },
    "mochawesome": {
      "options": {
        "quiet": false,
        "reportFilename": "mochawesome",
        "saveHtml": false,
        "saveJson": true,
        "consoleReporter": "spec",
        "useInlineDiffs": false,
        "code": true
      },
      "version": "7.0.1"
    },
    "marge": {
      "options": {
        "id": "default",
        "reportDir": "cypress/results/mochawesome",
        "quite": true,
        "overwrite": false,
        "html": false,
        "json": true
      },
      "version": "6.0.1"
    }
  }
}